<?xml version="1.0" encoding="UTF-8"?>
<!-- Generated by org.testng.reporters.JUnitReportReporter -->
<testsuite skipped="0" hostname="DESKTOP-LVM8MUI" name="testCases.ReadOneProduct" tests="1" failures="0" timestamp="16 Jul 2022 01:07:32 GMT" time="4.035" errors="0">
  <testcase name="readAllProducts" time="4.035" classname="testCases.ReadOneProduct"/>
</testsuite> <!-- testCases.ReadOneProduct -->
