<?xml version="1.0" encoding="UTF-8"?>
<!-- Generated by org.testng.reporters.JUnitReportReporter -->
<testsuite skipped="0" hostname="DESKTOP-LVM8MUI" name="testCases.ReadAllProducts" tests="1" failures="0" timestamp="19 Jun 2022 15:56:09 GMT" time="5.467" errors="0">
  <testcase name="readAllProducts" time="5.467" classname="testCases.ReadAllProducts"/>
</testsuite> <!-- testCases.ReadAllProducts -->
